<?xml version="1.0" encoding="UTF-8"?>
<testsuite name="test.java.GivenWhiteBox" tests="18" skipped="0" failures="0" errors="0" timestamp="2021-11-01T03:25:08" hostname="DESKTOP-IG56HHQ" time="0.023">
  <properties/>
  <testcase name="nullInkRawCost" classname="test.java.GivenWhiteBox" time="0.009"/>
  <testcase name="californiaTax" classname="test.java.GivenWhiteBox" time="0.0"/>
  <testcase name="checkoutOneBear" classname="test.java.GivenWhiteBox" time="0.0"/>
  <testcase name="tenAccessoriesSavings" classname="test.java.GivenWhiteBox" time="0.002"/>
  <testcase name="nullInkSavings" classname="test.java.GivenWhiteBox" time="0.0"/>
  <testcase name="threeBears" classname="test.java.GivenWhiteBox" time="0.0"/>
  <testcase name="tenAccessoriesCost" classname="test.java.GivenWhiteBox" time="0.0"/>
  <testcase name="nullInkCost" classname="test.java.GivenWhiteBox" time="0.0"/>
  <testcase name="rawClothes" classname="test.java.GivenWhiteBox" time="0.0"/>
  <testcase name="newYorkTax" classname="test.java.GivenWhiteBox" time="0.0"/>
  <testcase name="threeClothesCost" classname="test.java.GivenWhiteBox" time="0.0"/>
  <testcase name="dcTax" classname="test.java.GivenWhiteBox" time="0.0"/>
  <testcase name="hasNoiseMakerCost" classname="test.java.GivenWhiteBox" time="0.005"/>
  <testcase name="testRemoveBear" classname="test.java.GivenWhiteBox" time="0.0"/>
  <testcase name="virginiaTax" classname="test.java.GivenWhiteBox" time="0.0"/>
  <testcase name="rawNoisemaker" classname="test.java.GivenWhiteBox" time="0.001"/>
  <testcase name="defaultTax" classname="test.java.GivenWhiteBox" time="0.0"/>
  <testcase name="noiseMakerSavings" classname="test.java.GivenWhiteBox" time="0.0"/>
  <system-out><![CDATA[]]></system-out>
  <system-err><![CDATA[]]></system-err>
</testsuite>
